# JRE version: Java(TM) SE Runtime Environment (17.0.3.1+2) (build 17.0.3.1+2-LTS-6)
# Java VM: Java HotSpot(TM) 64-Bit Server VM (17.0.3.1+2-LTS-6, mixed mode, emulated-client, sharing, tiered, compressed oops, compressed class ptrs, g1 gc, windows-amd64)
GC Precious Log:
 CPUs: 8 total, 8 available
 Memory: 8070M
 Large Page Support: Disabled
 NUMA Support: Disabled
 Compressed Oops: Enabled (32-bit)
 Heap Region Size: 1M
 Heap Min Capacity: 8M
 Heap Initial Capacity: 128M
 Heap Max Capacity: 2018M
 Pre-touch: Disabled
 Parallel Workers: 8
 Concurrent Workers: 2
 Concurrent Refinement Workers: 8
 Periodic GC: Disabled
Heap:
 garbage-first heap   total 51200K, used 26562K [0x0000000081e00000, 0x0000000100000000)
  region size 1024K, 4 young (4096K), 1 survivors (1024K)
 Metaspace       used 58062K, committed 58880K, reserved 1105920K
  class space    used 8225K, committed 8576K, reserved 1048576K
GC Heap History (20 events):
Event: 20.792 GC heap before
{Heap before GC invocations=13 (full 0):
 garbage-first heap   total 51200K, used 40834K [0x0000000081e00000, 0x0000000100000000)
  region size 1024K, 19 young (19456K), 2 survivors (2048K)
 Metaspace       used 55679K, committed 56256K, reserved 1097728K
  class space    used 7854K, committed 8128K, reserved 1048576K
}
Event: 20.798 GC heap after
{Heap after GC invocations=14 (full 0):
 garbage-first heap   total 51200K, used 24501K [0x0000000081e00000, 0x0000000100000000)
  region size 1024K, 3 young (3072K), 3 survivors (3072K)
 Metaspace       used 55679K, committed 56256K, reserved 1097728K
  class space    used 7854K, committed 8128K, reserved 1048576K
}
Event: 21.663 GC heap before
{Heap before GC invocations=14 (full 0):
 garbage-first heap   total 51200K, used 40885K [0x0000000081e00000, 0x0000000100000000)
  region size 1024K, 19 young (19456K), 3 survivors (3072K)
 Metaspace       used 57548K, committed 58048K, reserved 1105920K
  class space    used 8121K, committed 8384K, reserved 1048576K
}
Event: 21.667 GC heap after
{Heap after GC invocations=15 (full 0):
 garbage-first heap   total 51200K, used 26151K [0x0000000081e00000, 0x0000000100000000)
  region size 1024K, 3 young (3072K), 3 survivors (3072K)
 Metaspace       used 57548K, committed 58048K, reserved 1105920K
  class space    used 8121K, committed 8384K, reserved 1048576K
}
Event: 434.276 GC heap before
{Heap before GC invocations=16 (full 0):
 garbage-first heap   total 51200K, used 40487K [0x0000000081e00000, 0x0000000100000000)
  region size 1024K, 17 young (17408K), 3 survivors (3072K)
 Metaspace       used 58287K, committed 58880K, reserved 1105920K
  class space    used 8277K, committed 8576K, reserved 1048576K
}
Event: 434.312 GC heap after
{Heap after GC invocations=17 (full 0):
 garbage-first heap   total 51200K, used 27079K [0x0000000081e00000, 0x0000000100000000)
  region size 1024K, 2 young (2048K), 2 survivors (2048K)
 Metaspace       used 58287K, committed 58880K, reserved 1105920K
  class space    used 8277K, committed 8576K, reserved 1048576K
}
Event: 1639.647 GC heap before
{Heap before GC invocations=17 (full 0):
 garbage-first heap   total 51200K, used 41415K [0x0000000081e00000, 0x0000000100000000)
  region size 1024K, 16 young (16384K), 2 survivors (2048K)
 Metaspace       used 58287K, committed 58880K, reserved 1105920K
  class space    used 8277K, committed 8576K, reserved 1048576K
}
Event: 1639.681 GC heap after
{Heap after GC invocations=18 (full 0):
 garbage-first heap   total 51200K, used 26791K [0x0000000081e00000, 0x0000000100000000)
  region size 1024K, 1 young (1024K), 1 survivors (1024K)
 Metaspace       used 58287K, committed 58880K, reserved 1105920K
  class space    used 8277K, committed 8576K, reserved 1048576K
}
Event: 2138.118 GC heap before
{Heap before GC invocations=19 (full 0):
 garbage-first heap   total 51200K, used 42151K [0x0000000081e00000, 0x0000000100000000)
  region size 1024K, 16 young (16384K), 1 survivors (1024K)
 Metaspace       used 58039K, committed 58880K, reserved 1105920K
  class space    used 8219K, committed 8576K, reserved 1048576K
}
Event: 2138.135 GC heap after
{Heap after GC invocations=20 (full 0):
 garbage-first heap   total 51200K, used 27341K [0x0000000081e00000, 0x0000000100000000)
  region size 1024K, 2 young (2048K), 2 survivors (2048K)
 Metaspace       used 58039K, committed 58880K, reserved 1105920K
  class space    used 8219K, committed 8576K, reserved 1048576K
}
Event: 2223.815 GC heap before
{Heap before GC invocations=20 (full 0):
 garbage-first heap   total 51200K, used 28365K [0x0000000081e00000, 0x0000000100000000)
  region size 1024K, 3 young (3072K), 2 survivors (2048K)
 Metaspace       used 58039K, committed 58880K, reserved 1105920K
  class space    used 8219K, committed 8576K, reserved 1048576K
}
Event: 2223.866 GC heap after
{Heap after GC invocations=21 (full 0):
 garbage-first heap   total 51200K, used 25324K [0x0000000081e00000, 0x0000000100000000)
  region size 1024K, 1 young (1024K), 1 survivors (1024K)
 Metaspace       used 58039K, committed 58880K, reserved 1105920K
  class space    used 8219K, committed 8576K, reserved 1048576K
}
Event: 2309.919 GC heap before
{Heap before GC invocations=21 (full 0):
 garbage-first heap   total 51200K, used 26348K [0x0000000081e00000, 0x0000000100000000)
  region size 1024K, 2 young (2048K), 1 survivors (1024K)
 Metaspace       used 58039K, committed 58880K, reserved 1105920K
  class space    used 8219K, committed 8576K, reserved 1048576K
}
Event: 2309.925 GC heap after
{Heap after GC invocations=22 (full 0):
 garbage-first heap   total 51200K, used 25231K [0x0000000081e00000, 0x0000000100000000)
  region size 1024K, 1 young (1024K), 1 survivors (1024K)
 Metaspace       used 58039K, committed 58880K, reserved 1105920K
  class space    used 8219K, committed 8576K, reserved 1048576K
}
Event: 3556.754 GC heap before
{Heap before GC invocations=22 (full 0):
 garbage-first heap   total 51200K, used 41615K [0x0000000081e00000, 0x0000000100000000)
  region size 1024K, 17 young (17408K), 1 survivors (1024K)
 Metaspace       used 58039K, committed 58880K, reserved 1105920K
  class space    used 8219K, committed 8576K, reserved 1048576K
}
Event: 3556.768 GC heap after
{Heap after GC invocations=23 (full 0):
 garbage-first heap   total 51200K, used 25313K [0x0000000081e00000, 0x0000000100000000)
  region size 1024K, 1 young (1024K), 1 survivors (1024K)
 Metaspace       used 58039K, committed 58880K, reserved 1105920K
  class space    used 8219K, committed 8576K, reserved 1048576K
}
Event: 4247.314 GC heap before
{Heap before GC invocations=24 (full 0):
 garbage-first heap   total 51200K, used 41697K [0x0000000081e00000, 0x0000000100000000)
  region size 1024K, 17 young (17408K), 1 survivors (1024K)
 Metaspace       used 58039K, committed 58880K, reserved 1105920K
  class space    used 8219K, committed 8576K, reserved 1048576K
}
Event: 4247.385 GC heap after
{Heap after GC invocations=25 (full 0):
 garbage-first heap   total 51200K, used 25895K [0x0000000081e00000, 0x0000000100000000)
  region size 1024K, 1 young (1024K), 1 survivors (1024K)
 Metaspace       used 58039K, committed 58880K, reserved 1105920K
  class space    used 8219K, committed 8576K, reserved 1048576K
}
Event: 4333.427 GC heap before
{Heap before GC invocations=25 (full 0):
 garbage-first heap   total 51200K, used 26919K [0x0000000081e00000, 0x0000000100000000)
  region size 1024K, 2 young (2048K), 1 survivors (1024K)
 Metaspace       used 58039K, committed 58880K, reserved 1105920K
  class space    used 8219K, committed 8576K, reserved 1048576K
}
Event: 4333.482 GC heap after
{Heap after GC invocations=26 (full 0):
 garbage-first heap   total 51200K, used 24514K [0x0000000081e00000, 0x0000000100000000)
  region size 1024K, 1 young (1024K), 1 survivors (1024K)
 Metaspace       used 58039K, committed 58880K, reserved 1105920K
  class space    used 8219K, committed 8576K, reserved 1048576K
}

